<?xml version="1.0" encoding="UTF-8"?>
<!-- Generated by org.testng.reporters.JUnitReportReporter -->
<testsuite hostname="XAV-102000279" name="Demo.Framework.AppTest" tests="1" failures="0" timestamp="19 Jun 2018 12:01:43 GMT" time="0.001" errors="0">
  <testcase name="testApp" time="0.001" classname="Demo.Framework.AppTest"/>
</testsuite> <!-- Demo.Framework.AppTest -->
