<?xml version="1.0" encoding="UTF-8"?>
<!-- Generated by org.testng.reporters.JUnitReportReporter -->
<testsuite hostname="XAV-102000279" name="demoSel.TestCase" tests="1" failures="0" timestamp="19 Jun 2018 14:21:36 GMT" time="0.009" errors="0">
  <testcase name="executeMethod" time="0.009" classname="demoSel.TestCase"/>
</testsuite> <!-- demoSel.TestCase -->
