<?xml version="1.0" encoding="UTF-8"?>
<!-- Generated by org.testng.reporters.JUnitReportReporter -->
<testsuite hostname="XAV-102000279" name="demoSel.TestCase" tests="1" failures="0" timestamp="20 Jun 2018 07:38:08 GMT" time="5.850" errors="0">
  <testcase name="userRegistration" time="5.850" classname="demoSel.TestCase"/>
</testsuite> <!-- demoSel.TestCase -->
