<?xml version="1.0" encoding="UTF-8"?>
<!-- Generated by org.testng.reporters.JUnitReportReporter -->
<testsuite hostname="XAV-102000279" name="Demo.Framework.AppTest" tests="1" failures="0" timestamp="20 Jun 2018 07:38:08 GMT" time="0.012" errors="0">
  <testcase name="testApp" time="0.012" classname="Demo.Framework.AppTest"/>
</testsuite> <!-- Demo.Framework.AppTest -->
